# JRE version: OpenJDK Runtime Environment (8.0_112-b06) (build 1.8.0_112-release-b06)
# Java VM: OpenJDK 64-Bit Server VM (25.112-b06 mixed mode linux-amd64 compressed oops)
Heap:
 PSYoungGen      total 1287168K, used 0K [0x0000000755580000, 0x00000007c0000000, 0x00000007c0000000)
  eden space 1021440K, 0% used [0x0000000755580000,0x0000000755580000,0x0000000793b00000)
  from space 265728K, 0% used [0x0000000793b00000,0x0000000793b00000,0x00000007a3e80000)
  to   space 375296K, 0% used [0x00000007a9180000,0x00000007a9180000,0x00000007c0000000)
 ParOldGen       total 1490944K, used 978702K [0x0000000680000000, 0x00000006db000000, 0x0000000755580000)
  object space 1490944K, 65% used [0x0000000680000000,0x00000006bbbc3ae0,0x00000006db000000)
 Metaspace       used 94869K, capacity 100746K, committed 101016K, reserved 1136640K
  class space    used 11891K, capacity 12875K, committed 12976K, reserved 1048576K
GC Heap History (10 events):
Event: 11257,358 GC heap after
Heap after GC invocations=120 (full 23):
 PSYoungGen      total 1370112K, used 128290K [0x0000000755580000, 0x00000007bec00000, 0x00000007c0000000)
  eden space 1012224K, 0% used [0x0000000755580000,0x0000000755580000,0x0000000793200000)
  from space 357888K, 35% used [0x0000000793200000,0x000000079af48b10,0x00000007a8f80000)
  to   space 346112K, 0% used [0x00000007a9a00000,0x00000007a9a00000,0x00000007bec00000)
 ParOldGen       total 1490944K, used 696000K [0x0000000680000000, 0x00000006db000000, 0x0000000755580000)
  object space 1490944K, 46% used [0x0000000680000000,0x00000006aa7b0380,0x00000006db000000)
 Metaspace       used 94925K, capacity 100836K, committed 101016K, reserved 1136640K
  class space    used 11899K, capacity 12890K, committed 12976K, reserved 1048576K
}
Event: 11258,203 GC heap before
{Heap before GC invocations=121 (full 23):
 PSYoungGen      total 1370112K, used 1140514K [0x0000000755580000, 0x00000007bec00000, 0x00000007c0000000)
  eden space 1012224K, 100% used [0x0000000755580000,0x0000000793200000,0x0000000793200000)
  from space 357888K, 35% used [0x0000000793200000,0x000000079af48b10,0x00000007a8f80000)
  to   space 346112K, 0% used [0x00000007a9a00000,0x00000007a9a00000,0x00000007bec00000)
 ParOldGen       total 1490944K, used 696003K [0x0000000680000000, 0x00000006db000000, 0x0000000755580000)
  object space 1490944K, 46% used [0x0000000680000000,0x00000006aa7b0e88,0x00000006db000000)
 Metaspace       used 94925K, capacity 100836K, committed 101016K, reserved 1136640K
  class space    used 11899K, capacity 12890K, committed 12976K, reserved 1048576K
Event: 11259,159 GC heap after
Heap after GC invocations=121 (full 23):
 PSYoungGen      total 1379840K, used 189910K [0x0000000755580000, 0x00000007be280000, 0x00000007c0000000)
  eden space 1043456K, 0% used [0x0000000755580000,0x0000000755580000,0x0000000795080000)
  from space 336384K, 56% used [0x00000007a9a00000,0x00000007b5375900,0x00000007be280000)
  to   space 336896K, 0% used [0x0000000795080000,0x0000000795080000,0x00000007a9980000)
 ParOldGen       total 1490944K, used 789436K [0x0000000680000000, 0x00000006db000000, 0x0000000755580000)
  object space 1490944K, 52% used [0x0000000680000000,0x00000006b02ef2d0,0x00000006db000000)
 Metaspace       used 94925K, capacity 100836K, committed 101016K, reserved 1136640K
  class space    used 11899K, capacity 12890K, committed 12976K, reserved 1048576K
}
Event: 11260,114 GC heap before
{Heap before GC invocations=122 (full 23):
 PSYoungGen      total 1379840K, used 1233366K [0x0000000755580000, 0x00000007be280000, 0x00000007c0000000)
  eden space 1043456K, 100% used [0x0000000755580000,0x0000000795080000,0x0000000795080000)
  from space 336384K, 56% used [0x00000007a9a00000,0x00000007b5375900,0x00000007be280000)
  to   space 336896K, 0% used [0x0000000795080000,0x0000000795080000,0x00000007a9980000)
 ParOldGen       total 1490944K, used 789455K [0x0000000680000000, 0x00000006db000000, 0x0000000755580000)
  object space 1490944K, 52% used [0x0000000680000000,0x00000006b02f3c68,0x00000006db000000)
 Metaspace       used 94925K, capacity 100836K, committed 101016K, reserved 1136640K
  class space    used 11899K, capacity 12890K, committed 12976K, reserved 1048576K
Event: 11261,827 GC heap after
Heap after GC invocations=122 (full 23):
 PSYoungGen      total 1380352K, used 248533K [0x0000000755580000, 0x00000007c0000000, 0x00000007c0000000)
  eden space 1043456K, 0% used [0x0000000755580000,0x0000000755580000,0x0000000795080000)
  from space 336896K, 73% used [0x0000000795080000,0x00000007a4335608,0x00000007a9980000)
  to   space 349696K, 0% used [0x00000007aaa80000,0x00000007aaa80000,0x00000007c0000000)
 ParOldGen       total 1490944K, used 951259K [0x0000000680000000, 0x00000006db000000, 0x0000000755580000)
  object space 1490944K, 63% used [0x0000000680000000,0x00000006ba0f6d78,0x00000006db000000)
 Metaspace       used 94925K, capacity 100836K, committed 101016K, reserved 1136640K
  class space    used 11899K, capacity 12890K, committed 12976K, reserved 1048576K
}
Event: 11262,649 GC heap before
{Heap before GC invocations=123 (full 23):
 PSYoungGen      total 1380352K, used 1291989K [0x0000000755580000, 0x00000007c0000000, 0x00000007c0000000)
  eden space 1043456K, 100% used [0x0000000755580000,0x0000000795080000,0x0000000795080000)
  from space 336896K, 73% used [0x0000000795080000,0x00000007a4335608,0x00000007a9980000)
  to   space 349696K, 0% used [0x00000007aaa80000,0x00000007aaa80000,0x00000007c0000000)
 ParOldGen       total 1490944K, used 951260K [0x0000000680000000, 0x00000006db000000, 0x0000000755580000)
  object space 1490944K, 63% used [0x0000000680000000,0x00000006ba0f73e8,0x00000006db000000)
 Metaspace       used 94925K, capacity 100836K, committed 101016K, reserved 1136640K
  class space    used 11899K, capacity 12890K, committed 12976K, reserved 1048576K
Event: 11264,181 GC heap after
Heap after GC invocations=123 (full 23):
 PSYoungGen      total 1371136K, used 259193K [0x0000000755580000, 0x00000007c0000000, 0x00000007c0000000)
  eden space 1021440K, 0% used [0x0000000755580000,0x0000000755580000,0x0000000793b00000)
  from space 349696K, 74% used [0x00000007aaa80000,0x00000007ba79e6f0,0x00000007c0000000)
  to   space 363008K, 0% used [0x0000000793b00000,0x0000000793b00000,0x00000007a9d80000)
 ParOldGen       total 1490944K, used 1168634K [0x0000000680000000, 0x00000006db000000, 0x0000000755580000)
  object space 1490944K, 78% used [0x0000000680000000,0x00000006c753ebe0,0x00000006db000000)
 Metaspace       used 94925K, capacity 100836K, committed 101016K, reserved 1136640K
  class space    used 11899K, capacity 12890K, committed 12976K, reserved 1048576K
}
Event: 11265,185 GC heap before
{Heap before GC invocations=124 (full 23):
 PSYoungGen      total 1371136K, used 1280633K [0x0000000755580000, 0x00000007c0000000, 0x00000007c0000000)
  eden space 1021440K, 100% used [0x0000000755580000,0x0000000793b00000,0x0000000793b00000)
  from space 349696K, 74% used [0x00000007aaa80000,0x00000007ba79e6f0,0x00000007c0000000)
  to   space 363008K, 0% used [0x0000000793b00000,0x0000000793b00000,0x00000007a9d80000)
 ParOldGen       total 1490944K, used 1168638K [0x0000000680000000, 0x00000006db000000, 0x0000000755580000)
  object space 1490944K, 78% used [0x0000000680000000,0x00000006c753fa30,0x00000006db000000)
 Metaspace       used 94925K, capacity 100836K, committed 101016K, reserved 1136640K
  class space    used 11899K, capacity 12890K, committed 12976K, reserved 1048576K
Event: 11266,001 GC heap after
Heap after GC invocations=124 (full 23):
 PSYoungGen      total 1287168K, used 265651K [0x0000000755580000, 0x00000007c0000000, 0x00000007c0000000)
  eden space 1021440K, 0% used [0x0000000755580000,0x0000000755580000,0x0000000793b00000)
  from space 265728K, 99% used [0x0000000793b00000,0x00000007a3e6cd98,0x00000007a3e80000)
  to   space 375296K, 0% used [0x00000007a9180000,0x00000007a9180000,0x00000007c0000000)
 ParOldGen       total 1490944K, used 1403901K [0x0000000680000000, 0x00000006db000000, 0x0000000755580000)
  object space 1490944K, 94% used [0x0000000680000000,0x00000006d5aff7b8,0x00000006db000000)
 Metaspace       used 94925K, capacity 100836K, committed 101016K, reserved 1136640K
  class space    used 11899K, capacity 12890K, committed 12976K, reserved 1048576K
}
Event: 11266,001 GC heap before
{Heap before GC invocations=125 (full 24):
 PSYoungGen      total 1287168K, used 265651K [0x0000000755580000, 0x00000007c0000000, 0x00000007c0000000)
  eden space 1021440K, 0% used [0x0000000755580000,0x0000000755580000,0x0000000793b00000)
  from space 265728K, 99% used [0x0000000793b00000,0x00000007a3e6cd98,0x00000007a3e80000)
  to   space 375296K, 0% used [0x00000007a9180000,0x00000007a9180000,0x00000007c0000000)
 ParOldGen       total 1490944K, used 1403901K [0x0000000680000000, 0x00000006db000000, 0x0000000755580000)
  object space 1490944K, 94% used [0x0000000680000000,0x00000006d5aff7b8,0x00000006db000000)
 Metaspace       used 94925K, capacity 100836K, committed 101016K, reserved 1136640K
  class space    used 11899K, capacity 12890K, committed 12976K, reserved 1048576K

