# JRE version: OpenJDK Runtime Environment (8.0_112-b06) (build 1.8.0_112-release-b06)
# Java VM: OpenJDK 64-Bit Server VM (25.112-b06 mixed mode linux-amd64 compressed oops)
Heap:
 PSYoungGen      total 1376768K, used 0K [0x0000000755580000, 0x00000007c0000000, 0x00000007c0000000)
  eden space 1014784K, 0% used [0x0000000755580000,0x0000000755580000,0x0000000793480000)
  from space 361984K, 0% used [0x00000007a9180000,0x00000007a9180000,0x00000007bf300000)
  to   space 357376K, 0% used [0x0000000793480000,0x0000000793480000,0x00000007a9180000)
 ParOldGen       total 1628160K, used 1544695K [0x0000000680000000, 0x00000006e3600000, 0x0000000755580000)
  object space 1628160K, 94% used [0x0000000680000000,0x00000006de47de78,0x00000006e3600000)
 Metaspace       used 81470K, capacity 85036K, committed 85912K, reserved 1124352K
  class space    used 9985K, capacity 10517K, committed 10672K, reserved 1048576K
GC Heap History (10 events):
Event: 12918,165 GC heap after
Heap after GC invocations=186 (full 26):
 PSYoungGen      total 1380352K, used 235965K [0x0000000755580000, 0x00000007c0000000, 0x00000007c0000000)
  eden space 1026560K, 0% used [0x0000000755580000,0x0000000755580000,0x0000000794000000)
  from space 353792K, 66% used [0x00000007a9d80000,0x00000007b83ef498,0x00000007bf700000)
  to   space 357888K, 0% used [0x0000000794000000,0x0000000794000000,0x00000007a9d80000)
 ParOldGen       total 1628160K, used 537440K [0x0000000680000000, 0x00000006e3600000, 0x0000000755580000)
  object space 1628160K, 33% used [0x0000000680000000,0x00000006a0cd8348,0x00000006e3600000)
 Metaspace       used 81470K, capacity 85036K, committed 85912K, reserved 1124352K
  class space    used 9985K, capacity 10517K, committed 10672K, reserved 1048576K
}
Event: 12919,262 GC heap before
{Heap before GC invocations=187 (full 26):
 PSYoungGen      total 1380352K, used 1262525K [0x0000000755580000, 0x00000007c0000000, 0x00000007c0000000)
  eden space 1026560K, 100% used [0x0000000755580000,0x0000000794000000,0x0000000794000000)
  from space 353792K, 66% used [0x00000007a9d80000,0x00000007b83ef498,0x00000007bf700000)
  to   space 357888K, 0% used [0x0000000794000000,0x0000000794000000,0x00000007a9d80000)
 ParOldGen       total 1628160K, used 537447K [0x0000000680000000, 0x00000006e3600000, 0x0000000755580000)
  object space 1628160K, 33% used [0x0000000680000000,0x00000006a0cd9ff0,0x00000006e3600000)
 Metaspace       used 81470K, capacity 85036K, committed 85912K, reserved 1124352K
  class space    used 9985K, capacity 10517K, committed 10672K, reserved 1048576K
Event: 12920,384 GC heap after
Heap after GC invocations=187 (full 26):
 PSYoungGen      total 1297408K, used 270706K [0x0000000755580000, 0x00000007c0000000, 0x00000007c0000000)
  eden space 1026560K, 0% used [0x0000000755580000,0x0000000755580000,0x0000000794000000)
  from space 270848K, 99% used [0x0000000794000000,0x00000007a485c900,0x00000007a4880000)
  to   space 373248K, 0% used [0x00000007a9380000,0x00000007a9380000,0x00000007c0000000)
 ParOldGen       total 1628160K, used 754527K [0x0000000680000000, 0x00000006e3600000, 0x0000000755580000)
  object space 1628160K, 46% used [0x0000000680000000,0x00000006ae0d7f10,0x00000006e3600000)
 Metaspace       used 81470K, capacity 85036K, committed 85912K, reserved 1124352K
  class space    used 9985K, capacity 10517K, committed 10672K, reserved 1048576K
}
Event: 12922,299 GC heap before
{Heap before GC invocations=188 (full 26):
 PSYoungGen      total 1297408K, used 1297266K [0x0000000755580000, 0x00000007c0000000, 0x00000007c0000000)
  eden space 1026560K, 100% used [0x0000000755580000,0x0000000794000000,0x0000000794000000)
  from space 270848K, 99% used [0x0000000794000000,0x00000007a485c900,0x00000007a4880000)
  to   space 373248K, 0% used [0x00000007a9380000,0x00000007a9380000,0x00000007c0000000)
 ParOldGen       total 1628160K, used 754529K [0x0000000680000000, 0x00000006e3600000, 0x0000000755580000)
  object space 1628160K, 46% used [0x0000000680000000,0x00000006ae0d8688,0x00000006e3600000)
 Metaspace       used 81470K, capacity 85036K, committed 85912K, reserved 1124352K
  class space    used 9985K, capacity 10517K, committed 10672K, reserved 1048576K
Event: 12922,954 GC heap after
Heap after GC invocations=188 (full 26):
 PSYoungGen      total 1383424K, used 214458K [0x0000000755580000, 0x00000007c0000000, 0x00000007c0000000)
  eden space 1010176K, 0% used [0x0000000755580000,0x0000000755580000,0x0000000793000000)
  from space 373248K, 57% used [0x00000007a9380000,0x00000007b64ee8f0,0x00000007c0000000)
  to   space 364032K, 0% used [0x0000000793000000,0x0000000793000000,0x00000007a9380000)
 ParOldGen       total 1628160K, used 998973K [0x0000000680000000, 0x00000006e3600000, 0x0000000755580000)
  object space 1628160K, 61% used [0x0000000680000000,0x00000006bcf8f748,0x00000006e3600000)
 Metaspace       used 81470K, capacity 85036K, committed 85912K, reserved 1124352K
  class space    used 9985K, capacity 10517K, committed 10672K, reserved 1048576K
}
Event: 12923,598 GC heap before
{Heap before GC invocations=189 (full 26):
 PSYoungGen      total 1383424K, used 1224634K [0x0000000755580000, 0x00000007c0000000, 0x00000007c0000000)
  eden space 1010176K, 100% used [0x0000000755580000,0x0000000793000000,0x0000000793000000)
  from space 373248K, 57% used [0x00000007a9380000,0x00000007b64ee8f0,0x00000007c0000000)
  to   space 364032K, 0% used [0x0000000793000000,0x0000000793000000,0x00000007a9380000)
 ParOldGen       total 1628160K, used 998973K [0x0000000680000000, 0x00000006e3600000, 0x0000000755580000)
  object space 1628160K, 61% used [0x0000000680000000,0x00000006bcf8f748,0x00000006e3600000)
 Metaspace       used 81470K, capacity 85036K, committed 85912K, reserved 1124352K
  class space    used 9985K, capacity 10517K, committed 10672K, reserved 1048576K
Event: 12924,817 GC heap after
Heap after GC invocations=189 (full 26):
 PSYoungGen      total 1244160K, used 233906K [0x0000000755580000, 0x00000007bf300000, 0x00000007c0000000)
  eden space 1010176K, 0% used [0x0000000755580000,0x0000000755580000,0x0000000793000000)
  from space 233984K, 99% used [0x0000000793000000,0x00000007a146c920,0x00000007a1480000)
  to   space 361984K, 0% used [0x00000007a9180000,0x00000007a9180000,0x00000007bf300000)
 ParOldGen       total 1628160K, used 1200657K [0x0000000680000000, 0x00000006e3600000, 0x0000000755580000)
  object space 1628160K, 73% used [0x0000000680000000,0x00000006c9484510,0x00000006e3600000)
 Metaspace       used 81470K, capacity 85036K, committed 85912K, reserved 1124352K
  class space    used 9985K, capacity 10517K, committed 10672K, reserved 1048576K
}
Event: 12925,546 GC heap before
{Heap before GC invocations=190 (full 26):
 PSYoungGen      total 1244160K, used 1244082K [0x0000000755580000, 0x00000007bf300000, 0x00000007c0000000)
  eden space 1010176K, 100% used [0x0000000755580000,0x0000000793000000,0x0000000793000000)
  from space 233984K, 99% used [0x0000000793000000,0x00000007a146c920,0x00000007a1480000)
  to   space 361984K, 0% used [0x00000007a9180000,0x00000007a9180000,0x00000007bf300000)
 ParOldGen       total 1628160K, used 1200657K [0x0000000680000000, 0x00000006e3600000, 0x0000000755580000)
  object space 1628160K, 73% used [0x0000000680000000,0x00000006c9484510,0x00000006e3600000)
 Metaspace       used 81470K, capacity 85036K, committed 85912K, reserved 1124352K
  class space    used 9985K, capacity 10517K, committed 10672K, reserved 1048576K
Event: 12927,528 GC heap after
Heap after GC invocations=190 (full 26):
 PSYoungGen      total 1376768K, used 229657K [0x0000000755580000, 0x00000007c0000000, 0x00000007c0000000)
  eden space 1014784K, 0% used [0x0000000755580000,0x0000000755580000,0x0000000793480000)
  from space 361984K, 63% used [0x00000007a9180000,0x00000007b71c65c0,0x00000007bf300000)
  to   space 357376K, 0% used [0x0000000793480000,0x0000000793480000,0x00000007a9180000)
 ParOldGen       total 1628160K, used 1429796K [0x0000000680000000, 0x00000006e3600000, 0x0000000755580000)
  object space 1628160K, 87% used [0x0000000680000000,0x00000006d7449268,0x00000006e3600000)
 Metaspace       used 81470K, capacity 85036K, committed 85912K, reserved 1124352K
  class space    used 9985K, capacity 10517K, committed 10672K, reserved 1048576K
}
Event: 12927,528 GC heap before
{Heap before GC invocations=191 (full 27):
 PSYoungGen      total 1376768K, used 229657K [0x0000000755580000, 0x00000007c0000000, 0x00000007c0000000)
  eden space 1014784K, 0% used [0x0000000755580000,0x0000000755580000,0x0000000793480000)
  from space 361984K, 63% used [0x00000007a9180000,0x00000007b71c65c0,0x00000007bf300000)
  to   space 357376K, 0% used [0x0000000793480000,0x0000000793480000,0x00000007a9180000)
 ParOldGen       total 1628160K, used 1429796K [0x0000000680000000, 0x00000006e3600000, 0x0000000755580000)
  object space 1628160K, 87% used [0x0000000680000000,0x00000006d7449268,0x00000006e3600000)
 Metaspace       used 81470K, capacity 85036K, committed 85912K, reserved 1124352K
  class space    used 9985K, capacity 10517K, committed 10672K, reserved 1048576K

