# JRE version: OpenJDK Runtime Environment (8.0_112-b06) (build 1.8.0_112-release-b06)
# Java VM: OpenJDK 64-Bit Server VM (25.112-b06 mixed mode linux-amd64 compressed oops)
Heap:
 PSYoungGen      total 1283072K, used 0K [0x0000000755580000, 0x00000007bdb00000, 0x00000007c0000000)
  eden space 854016K, 0% used [0x0000000755580000,0x0000000755580000,0x0000000789780000)
  from space 429056K, 0% used [0x00000007a3800000,0x00000007a3800000,0x00000007bdb00000)
  to   space 426496K, 0% used [0x0000000789780000,0x0000000789780000,0x00000007a3800000)
 ParOldGen       total 2078720K, used 1651910K [0x0000000680000000, 0x00000006fee00000, 0x0000000755580000)
  object space 2078720K, 79% used [0x0000000680000000,0x00000006e4d318b8,0x00000006fee00000)
 Metaspace       used 81211K, capacity 84458K, committed 84632K, reserved 1122304K
  class space    used 10426K, capacity 11112K, committed 11184K, reserved 1048576K
GC Heap History (10 events):
Event: 1043,235 GC heap after
Heap after GC invocations=80 (full 14):
 PSYoungGen      total 1203200K, used 37224K [0x0000000755580000, 0x00000007bcd00000, 0x00000007c0000000)
  eden space 708608K, 0% used [0x0000000755580000,0x0000000755580000,0x0000000780980000)
  from space 494592K, 7% used [0x000000079ea00000,0x00000007a0e5a278,0x00000007bcd00000)
  to   space 492032K, 0% used [0x0000000780980000,0x0000000780980000,0x000000079ea00000)
 ParOldGen       total 2078720K, used 1356726K [0x0000000680000000, 0x00000006fee00000, 0x0000000755580000)
  object space 2078720K, 65% used [0x0000000680000000,0x00000006d2ced898,0x00000006fee00000)
 Metaspace       used 81207K, capacity 84458K, committed 84632K, reserved 1122304K
  class space    used 10426K, capacity 11112K, committed 11184K, reserved 1048576K
}
Event: 1043,788 GC heap before
{Heap before GC invocations=81 (full 14):
 PSYoungGen      total 1203200K, used 745832K [0x0000000755580000, 0x00000007bcd00000, 0x00000007c0000000)
  eden space 708608K, 100% used [0x0000000755580000,0x0000000780980000,0x0000000780980000)
  from space 494592K, 7% used [0x000000079ea00000,0x00000007a0e5a278,0x00000007bcd00000)
  to   space 492032K, 0% used [0x0000000780980000,0x0000000780980000,0x000000079ea00000)
 ParOldGen       total 2078720K, used 1356726K [0x0000000680000000, 0x00000006fee00000, 0x0000000755580000)
  object space 2078720K, 65% used [0x0000000680000000,0x00000006d2ced898,0x00000006fee00000)
 Metaspace       used 81210K, capacity 84458K, committed 84632K, reserved 1122304K
  class space    used 10426K, capacity 11112K, committed 11184K, reserved 1048576K
Event: 1044,139 GC heap after
Heap after GC invocations=81 (full 14):
 PSYoungGen      total 1200640K, used 171186K [0x0000000755580000, 0x00000007bd480000, 0x00000007c0000000)
  eden space 708608K, 0% used [0x0000000755580000,0x0000000755580000,0x0000000780980000)
  from space 492032K, 34% used [0x0000000780980000,0x000000078b0ac958,0x000000079ea00000)
  to   space 471040K, 0% used [0x00000007a0880000,0x00000007a0880000,0x00000007bd480000)
 ParOldGen       total 2078720K, used 1389286K [0x0000000680000000, 0x00000006fee00000, 0x0000000755580000)
  object space 2078720K, 66% used [0x0000000680000000,0x00000006d4cb9898,0x00000006fee00000)
 Metaspace       used 81210K, capacity 84458K, committed 84632K, reserved 1122304K
  class space    used 10426K, capacity 11112K, committed 11184K, reserved 1048576K
}
Event: 1045,053 GC heap before
{Heap before GC invocations=82 (full 14):
 PSYoungGen      total 1200640K, used 879794K [0x0000000755580000, 0x00000007bd480000, 0x00000007c0000000)
  eden space 708608K, 100% used [0x0000000755580000,0x0000000780980000,0x0000000780980000)
  from space 492032K, 34% used [0x0000000780980000,0x000000078b0ac958,0x000000079ea00000)
  to   space 471040K, 0% used [0x00000007a0880000,0x00000007a0880000,0x00000007bd480000)
 ParOldGen       total 2078720K, used 1389286K [0x0000000680000000, 0x00000006fee00000, 0x0000000755580000)
  object space 2078720K, 66% used [0x0000000680000000,0x00000006d4cb9898,0x00000006fee00000)
 Metaspace       used 81211K, capacity 84458K, committed 84632K, reserved 1122304K
  class space    used 10426K, capacity 11112K, committed 11184K, reserved 1048576K
Event: 1045,581 GC heap after
Heap after GC invocations=82 (full 14):
 PSYoungGen      total 1234944K, used 166784K [0x0000000755580000, 0x00000007bc480000, 0x00000007c0000000)
  eden space 780288K, 0% used [0x0000000755580000,0x0000000755580000,0x0000000784f80000)
  from space 454656K, 36% used [0x00000007a0880000,0x00000007aab60000,0x00000007bc480000)
  to   space 451584K, 0% used [0x0000000784f80000,0x0000000784f80000,0x00000007a0880000)
 ParOldGen       total 2078720K, used 1552662K [0x0000000680000000, 0x00000006fee00000, 0x0000000755580000)
  object space 2078720K, 74% used [0x0000000680000000,0x00000006dec45a68,0x00000006fee00000)
 Metaspace       used 81211K, capacity 84458K, committed 84632K, reserved 1122304K
  class space    used 10426K, capacity 11112K, committed 11184K, reserved 1048576K
}
Event: 1046,128 GC heap before
{Heap before GC invocations=83 (full 14):
 PSYoungGen      total 1234944K, used 947072K [0x0000000755580000, 0x00000007bc480000, 0x00000007c0000000)
  eden space 780288K, 100% used [0x0000000755580000,0x0000000784f80000,0x0000000784f80000)
  from space 454656K, 36% used [0x00000007a0880000,0x00000007aab60000,0x00000007bc480000)
  to   space 451584K, 0% used [0x0000000784f80000,0x0000000784f80000,0x00000007a0880000)
 ParOldGen       total 2078720K, used 1552662K [0x0000000680000000, 0x00000006fee00000, 0x0000000755580000)
  object space 2078720K, 74% used [0x0000000680000000,0x00000006dec45a68,0x00000006fee00000)
 Metaspace       used 81211K, capacity 84458K, committed 84632K, reserved 1122304K
  class space    used 10426K, capacity 11112K, committed 11184K, reserved 1048576K
Event: 1046,642 GC heap after
Heap after GC invocations=83 (full 14):
 PSYoungGen      total 1231872K, used 237954K [0x0000000755580000, 0x00000007be500000, 0x00000007c0000000)
  eden space 780288K, 0% used [0x0000000755580000,0x0000000755580000,0x0000000784f80000)
  from space 451584K, 52% used [0x0000000784f80000,0x00000007937e0a10,0x00000007a0880000)
  to   space 439296K, 0% used [0x00000007a3800000,0x00000007a3800000,0x00000007be500000)
 ParOldGen       total 2078720K, used 1718920K [0x0000000680000000, 0x00000006fee00000, 0x0000000755580000)
  object space 2078720K, 82% used [0x0000000680000000,0x00000006e8ea23a8,0x00000006fee00000)
 Metaspace       used 81211K, capacity 84458K, committed 84632K, reserved 1122304K
  class space    used 10426K, capacity 11112K, committed 11184K, reserved 1048576K
}
Event: 1047,177 GC heap before
{Heap before GC invocations=84 (full 14):
 PSYoungGen      total 1231872K, used 1018242K [0x0000000755580000, 0x00000007be500000, 0x00000007c0000000)
  eden space 780288K, 100% used [0x0000000755580000,0x0000000784f80000,0x0000000784f80000)
  from space 451584K, 52% used [0x0000000784f80000,0x00000007937e0a10,0x00000007a0880000)
  to   space 439296K, 0% used [0x00000007a3800000,0x00000007a3800000,0x00000007be500000)
 ParOldGen       total 2078720K, used 1718920K [0x0000000680000000, 0x00000006fee00000, 0x0000000755580000)
  object space 2078720K, 82% used [0x0000000680000000,0x00000006e8ea23a8,0x00000006fee00000)
 Metaspace       used 81211K, capacity 84458K, committed 84632K, reserved 1122304K
  class space    used 10426K, capacity 11112K, committed 11184K, reserved 1048576K
Event: 1048,210 GC heap after
Heap after GC invocations=84 (full 14):
 PSYoungGen      total 1283072K, used 234208K [0x0000000755580000, 0x00000007bdb00000, 0x00000007c0000000)
  eden space 854016K, 0% used [0x0000000755580000,0x0000000755580000,0x0000000789780000)
  from space 429056K, 54% used [0x00000007a3800000,0x00000007b1cb82f0,0x00000007bdb00000)
  to   space 426496K, 0% used [0x0000000789780000,0x0000000789780000,0x00000007a3800000)
 ParOldGen       total 2078720K, used 1949189K [0x0000000680000000, 0x00000006fee00000, 0x0000000755580000)
  object space 2078720K, 93% used [0x0000000680000000,0x00000006f6f81448,0x00000006fee00000)
 Metaspace       used 81211K, capacity 84458K, committed 84632K, reserved 1122304K
  class space    used 10426K, capacity 11112K, committed 11184K, reserved 1048576K
}
Event: 1048,210 GC heap before
{Heap before GC invocations=85 (full 15):
 PSYoungGen      total 1283072K, used 234208K [0x0000000755580000, 0x00000007bdb00000, 0x00000007c0000000)
  eden space 854016K, 0% used [0x0000000755580000,0x0000000755580000,0x0000000789780000)
  from space 429056K, 54% used [0x00000007a3800000,0x00000007b1cb82f0,0x00000007bdb00000)
  to   space 426496K, 0% used [0x0000000789780000,0x0000000789780000,0x00000007a3800000)
 ParOldGen       total 2078720K, used 1949189K [0x0000000680000000, 0x00000006fee00000, 0x0000000755580000)
  object space 2078720K, 93% used [0x0000000680000000,0x00000006f6f81448,0x00000006fee00000)
 Metaspace       used 81211K, capacity 84458K, committed 84632K, reserved 1122304K
  class space    used 10426K, capacity 11112K, committed 11184K, reserved 1048576K

