# JRE version: OpenJDK Runtime Environment (8.0_112-b06) (build 1.8.0_112-release-b06)
# Java VM: OpenJDK 64-Bit Server VM (25.112-b06 mixed mode linux-amd64 compressed oops)
Heap:
 PSYoungGen      total 1366528K, used 32757K [0x0000000755580000, 0x00000007c0000000, 0x00000007c0000000)
  eden space 999936K, 0% used [0x0000000755580000,0x0000000755580000,0x0000000792600000)
  from space 366592K, 8% used [0x00000007a9a00000,0x00000007ab9fd620,0x00000007c0000000)
  to   space 373760K, 0% used [0x0000000792600000,0x0000000792600000,0x00000007a9300000)
 ParOldGen       total 801280K, used 801206K [0x0000000680000000, 0x00000006b0e80000, 0x0000000755580000)
  object space 801280K, 99% used [0x0000000680000000,0x00000006b0e6dbc0,0x00000006b0e80000)
 Metaspace       used 83085K, capacity 86540K, committed 86552K, reserved 1124352K
  class space    used 10241K, capacity 10789K, committed 10800K, reserved 1048576K
GC Heap History (10 events):
Event: 1999,323 GC heap after
Heap after GC invocations=88 (full 17):
 PSYoungGen      total 1372160K, used 69989K [0x0000000755580000, 0x00000007c0000000, 0x00000007c0000000)
  eden space 996864K, 0% used [0x0000000755580000,0x0000000755580000,0x0000000792300000)
  from space 375296K, 18% used [0x00000007a9180000,0x00000007ad5d94c0,0x00000007c0000000)
  to   space 375296K, 0% used [0x0000000792300000,0x0000000792300000,0x00000007a9180000)
 ParOldGen       total 801280K, used 99541K [0x0000000680000000, 0x00000006b0e80000, 0x0000000755580000)
  object space 801280K, 12% used [0x0000000680000000,0x0000000686135438,0x00000006b0e80000)
 Metaspace       used 83072K, capacity 86522K, committed 86552K, reserved 1124352K
  class space    used 10240K, capacity 10786K, committed 10800K, reserved 1048576K
}
Event: 2002,529 GC heap before
{Heap before GC invocations=89 (full 17):
 PSYoungGen      total 1372160K, used 1066853K [0x0000000755580000, 0x00000007c0000000, 0x00000007c0000000)
  eden space 996864K, 100% used [0x0000000755580000,0x0000000792300000,0x0000000792300000)
  from space 375296K, 18% used [0x00000007a9180000,0x00000007ad5d94c0,0x00000007c0000000)
  to   space 375296K, 0% used [0x0000000792300000,0x0000000792300000,0x00000007a9180000)
 ParOldGen       total 801280K, used 99541K [0x0000000680000000, 0x00000006b0e80000, 0x0000000755580000)
  object space 801280K, 12% used [0x0000000680000000,0x0000000686135438,0x00000006b0e80000)
 Metaspace       used 83085K, capacity 86540K, committed 86552K, reserved 1124352K
  class space    used 10241K, capacity 10789K, committed 10800K, reserved 1048576K
Event: 2002,993 GC heap after
Heap after GC invocations=89 (full 17):
 PSYoungGen      total 1149440K, used 152357K [0x0000000755580000, 0x00000007bde00000, 0x00000007c0000000)
  eden space 996864K, 0% used [0x0000000755580000,0x0000000755580000,0x0000000792300000)
  from space 152576K, 99% used [0x0000000792300000,0x000000079b7c9478,0x000000079b800000)
  to   space 357888K, 0% used [0x00000007a8080000,0x00000007a8080000,0x00000007bde00000)
 ParOldGen       total 801280K, used 152151K [0x0000000680000000, 0x00000006b0e80000, 0x0000000755580000)
  object space 801280K, 18% used [0x0000000680000000,0x0000000689495dc0,0x00000006b0e80000)
 Metaspace       used 83085K, capacity 86540K, committed 86552K, reserved 1124352K
  class space    used 10241K, capacity 10789K, committed 10800K, reserved 1048576K
}
Event: 2003,932 GC heap before
{Heap before GC invocations=90 (full 17):
 PSYoungGen      total 1149440K, used 1149221K [0x0000000755580000, 0x00000007bde00000, 0x00000007c0000000)
  eden space 996864K, 100% used [0x0000000755580000,0x0000000792300000,0x0000000792300000)
  from space 152576K, 99% used [0x0000000792300000,0x000000079b7c9478,0x000000079b800000)
  to   space 357888K, 0% used [0x00000007a8080000,0x00000007a8080000,0x00000007bde00000)
 ParOldGen       total 801280K, used 152232K [0x0000000680000000, 0x00000006b0e80000, 0x0000000755580000)
  object space 801280K, 18% used [0x0000000680000000,0x00000006894aa038,0x00000006b0e80000)
 Metaspace       used 83085K, capacity 86540K, committed 86552K, reserved 1124352K
  class space    used 10241K, capacity 10789K, committed 10800K, reserved 1048576K
Event: 2004,641 GC heap after
Heap after GC invocations=90 (full 17):
 PSYoungGen      total 1353728K, used 221743K [0x0000000755580000, 0x00000007c0000000, 0x00000007c0000000)
  eden space 995840K, 0% used [0x0000000755580000,0x0000000755580000,0x0000000792200000)
  from space 357888K, 61% used [0x00000007a8080000,0x00000007b590bdb0,0x00000007bde00000)
  to   space 358912K, 0% used [0x0000000792200000,0x0000000792200000,0x00000007a8080000)
 ParOldGen       total 801280K, used 273971K [0x0000000680000000, 0x00000006b0e80000, 0x0000000755580000)
  object space 801280K, 34% used [0x0000000680000000,0x0000000690b8cd30,0x00000006b0e80000)
 Metaspace       used 83085K, capacity 86540K, committed 86552K, reserved 1124352K
  class space    used 10241K, capacity 10789K, committed 10800K, reserved 1048576K
}
Event: 2005,612 GC heap before
{Heap before GC invocations=91 (full 17):
 PSYoungGen      total 1353728K, used 1217583K [0x0000000755580000, 0x00000007c0000000, 0x00000007c0000000)
  eden space 995840K, 100% used [0x0000000755580000,0x0000000792200000,0x0000000792200000)
  from space 357888K, 61% used [0x00000007a8080000,0x00000007b590bdb0,0x00000007bde00000)
  to   space 358912K, 0% used [0x0000000792200000,0x0000000792200000,0x00000007a8080000)
 ParOldGen       total 801280K, used 273980K [0x0000000680000000, 0x00000006b0e80000, 0x0000000755580000)
  object space 801280K, 34% used [0x0000000680000000,0x0000000690b8f018,0x00000006b0e80000)
 Metaspace       used 83085K, capacity 86540K, committed 86552K, reserved 1124352K
  class space    used 10241K, capacity 10789K, committed 10800K, reserved 1048576K
Event: 2005,964 GC heap after
Heap after GC invocations=91 (full 17):
 PSYoungGen      total 1354752K, used 245227K [0x0000000755580000, 0x00000007c0000000, 0x00000007c0000000)
  eden space 995840K, 0% used [0x0000000755580000,0x0000000755580000,0x0000000792200000)
  from space 358912K, 68% used [0x0000000792200000,0x00000007a117ad98,0x00000007a8080000)
  to   space 366592K, 0% used [0x00000007a9a00000,0x00000007a9a00000,0x00000007c0000000)
 ParOldGen       total 801280K, used 468931K [0x0000000680000000, 0x00000006b0e80000, 0x0000000755580000)
  object space 801280K, 58% used [0x0000000680000000,0x000000069c9f0eb0,0x00000006b0e80000)
 Metaspace       used 83085K, capacity 86540K, committed 86552K, reserved 1124352K
  class space    used 10241K, capacity 10789K, committed 10800K, reserved 1048576K
}
Event: 2006,804 GC heap before
{Heap before GC invocations=92 (full 17):
 PSYoungGen      total 1354752K, used 1241067K [0x0000000755580000, 0x00000007c0000000, 0x00000007c0000000)
  eden space 995840K, 100% used [0x0000000755580000,0x0000000792200000,0x0000000792200000)
  from space 358912K, 68% used [0x0000000792200000,0x00000007a117ad98,0x00000007a8080000)
  to   space 366592K, 0% used [0x00000007a9a00000,0x00000007a9a00000,0x00000007c0000000)
 ParOldGen       total 801280K, used 468935K [0x0000000680000000, 0x00000006b0e80000, 0x0000000755580000)
  object space 801280K, 58% used [0x0000000680000000,0x000000069c9f1d28,0x00000006b0e80000)
 Metaspace       used 83085K, capacity 86540K, committed 86552K, reserved 1124352K
  class space    used 10241K, capacity 10789K, committed 10800K, reserved 1048576K
Event: 2007,137 GC heap after
Heap after GC invocations=92 (full 17):
 PSYoungGen      total 1366528K, used 251328K [0x0000000755580000, 0x00000007c0000000, 0x00000007c0000000)
  eden space 999936K, 0% used [0x0000000755580000,0x0000000755580000,0x0000000792600000)
  from space 366592K, 68% used [0x00000007a9a00000,0x00000007b8f700c0,0x00000007c0000000)
  to   space 373760K, 0% used [0x0000000792600000,0x0000000792600000,0x00000007a9300000)
 ParOldGen       total 801280K, used 690104K [0x0000000680000000, 0x00000006b0e80000, 0x0000000755580000)
  object space 801280K, 86% used [0x0000000680000000,0x00000006aa1ee1c8,0x00000006b0e80000)
 Metaspace       used 83085K, capacity 86540K, committed 86552K, reserved 1124352K
  class space    used 10241K, capacity 10789K, committed 10800K, reserved 1048576K
}
Event: 2007,137 GC heap before
{Heap before GC invocations=93 (full 18):
 PSYoungGen      total 1366528K, used 251328K [0x0000000755580000, 0x00000007c0000000, 0x00000007c0000000)
  eden space 999936K, 0% used [0x0000000755580000,0x0000000755580000,0x0000000792600000)
  from space 366592K, 68% used [0x00000007a9a00000,0x00000007b8f700c0,0x00000007c0000000)
  to   space 373760K, 0% used [0x0000000792600000,0x0000000792600000,0x00000007a9300000)
 ParOldGen       total 801280K, used 690104K [0x0000000680000000, 0x00000006b0e80000, 0x0000000755580000)
  object space 801280K, 86% used [0x0000000680000000,0x00000006aa1ee1c8,0x00000006b0e80000)
 Metaspace       used 83085K, capacity 86540K, committed 86552K, reserved 1124352K
  class space    used 10241K, capacity 10789K, committed 10800K, reserved 1048576K

