# JRE version: OpenJDK Runtime Environment (8.0_112-b06) (build 1.8.0_112-release-b06)
# Java VM: OpenJDK 64-Bit Server VM (25.112-b06 mixed mode linux-amd64 compressed oops)
Heap:
 PSYoungGen      total 1201152K, used 0K [0x0000000755580000, 0x00000007be980000, 0x00000007c0000000)
  eden space 999936K, 0% used [0x0000000755580000,0x0000000755580000,0x0000000792600000)
  from space 201216K, 0% used [0x0000000792600000,0x0000000792600000,0x000000079ea80000)
  to   space 356864K, 0% used [0x00000007a8d00000,0x00000007a8d00000,0x00000007be980000)
 ParOldGen       total 1203200K, used 1155342K [0x0000000680000000, 0x00000006c9700000, 0x0000000755580000)
  object space 1203200K, 96% used [0x0000000680000000,0x00000006c6843a80,0x00000006c9700000)
 Metaspace       used 92856K, capacity 97330K, committed 97536K, reserved 1134592K
  class space    used 11612K, capacity 12457K, committed 12544K, reserved 1048576K
GC Heap History (10 events):
Event: 3669,878 GC heap after
Heap after GC invocations=112 (full 19):
 PSYoungGen      total 1204224K, used 0K [0x0000000755580000, 0x00000007be400000, 0x00000007c0000000)
  eden space 997888K, 0% used [0x0000000755580000,0x0000000755580000,0x0000000792400000)
  from space 206336K, 0% used [0x0000000792400000,0x0000000792400000,0x000000079ed80000)
  to   space 360448K, 0% used [0x00000007a8400000,0x00000007a8400000,0x00000007be400000)
 ParOldGen       total 1203200K, used 394059K [0x0000000680000000, 0x00000006c9700000, 0x0000000755580000)
  object space 1203200K, 32% used [0x0000000680000000,0x00000006980d2c80,0x00000006c9700000)
 Metaspace       used 92855K, capacity 97330K, committed 97536K, reserved 1134592K
  class space    used 11612K, capacity 12457K, committed 12544K, reserved 1048576K
}
Event: 3670,584 GC heap before
{Heap before GC invocations=113 (full 19):
 PSYoungGen      total 1204224K, used 997888K [0x0000000755580000, 0x00000007be400000, 0x00000007c0000000)
  eden space 997888K, 100% used [0x0000000755580000,0x0000000792400000,0x0000000792400000)
  from space 206336K, 0% used [0x0000000792400000,0x0000000792400000,0x000000079ed80000)
  to   space 360448K, 0% used [0x00000007a8400000,0x00000007a8400000,0x00000007be400000)
 ParOldGen       total 1203200K, used 394075K [0x0000000680000000, 0x00000006c9700000, 0x0000000755580000)
  object space 1203200K, 32% used [0x0000000680000000,0x00000006980d6df8,0x00000006c9700000)
 Metaspace       used 92855K, capacity 97330K, committed 97536K, reserved 1134592K
  class space    used 11612K, capacity 12457K, committed 12544K, reserved 1048576K
Event: 3670,794 GC heap after
Heap after GC invocations=113 (full 19):
 PSYoungGen      total 1363968K, used 213124K [0x0000000755580000, 0x00000007c0000000, 0x00000007c0000000)
  eden space 1003520K, 0% used [0x0000000755580000,0x0000000755580000,0x0000000792980000)
  from space 360448K, 59% used [0x00000007a8400000,0x00000007b5421228,0x00000007be400000)
  to   space 354816K, 0% used [0x0000000792980000,0x0000000792980000,0x00000007a8400000)
 ParOldGen       total 1203200K, used 394075K [0x0000000680000000, 0x00000006c9700000, 0x0000000755580000)
  object space 1203200K, 32% used [0x0000000680000000,0x00000006980d6df8,0x00000006c9700000)
 Metaspace       used 92855K, capacity 97330K, committed 97536K, reserved 1134592K
  class space    used 11612K, capacity 12457K, committed 12544K, reserved 1048576K
}
Event: 3671,609 GC heap before
{Heap before GC invocations=114 (full 19):
 PSYoungGen      total 1363968K, used 1216644K [0x0000000755580000, 0x00000007c0000000, 0x00000007c0000000)
  eden space 1003520K, 100% used [0x0000000755580000,0x0000000792980000,0x0000000792980000)
  from space 360448K, 59% used [0x00000007a8400000,0x00000007b5421228,0x00000007be400000)
  to   space 354816K, 0% used [0x0000000792980000,0x0000000792980000,0x00000007a8400000)
 ParOldGen       total 1203200K, used 394091K [0x0000000680000000, 0x00000006c9700000, 0x0000000755580000)
  object space 1203200K, 32% used [0x0000000680000000,0x00000006980dafe0,0x00000006c9700000)
 Metaspace       used 92855K, capacity 97330K, committed 97536K, reserved 1134592K
  class space    used 11612K, capacity 12457K, committed 12544K, reserved 1048576K
Event: 3672,069 GC heap after
Heap after GC invocations=114 (full 19):
 PSYoungGen      total 1358336K, used 252189K [0x0000000755580000, 0x00000007c0000000, 0x00000007c0000000)
  eden space 1003520K, 0% used [0x0000000755580000,0x0000000755580000,0x0000000792980000)
  from space 354816K, 71% used [0x0000000792980000,0x00000007a1fc7660,0x00000007a8400000)
  to   space 363008K, 0% used [0x00000007a9d80000,0x00000007a9d80000,0x00000007c0000000)
 ParOldGen       total 1203200K, used 587077K [0x0000000680000000, 0x00000006c9700000, 0x0000000755580000)
  object space 1203200K, 48% used [0x0000000680000000,0x00000006a3d514d0,0x00000006c9700000)
 Metaspace       used 92855K, capacity 97330K, committed 97536K, reserved 1134592K
  class space    used 11612K, capacity 12457K, committed 12544K, reserved 1048576K
}
Event: 3672,806 GC heap before
{Heap before GC invocations=115 (full 19):
 PSYoungGen      total 1358336K, used 1255709K [0x0000000755580000, 0x00000007c0000000, 0x00000007c0000000)
  eden space 1003520K, 100% used [0x0000000755580000,0x0000000792980000,0x0000000792980000)
  from space 354816K, 71% used [0x0000000792980000,0x00000007a1fc7660,0x00000007a8400000)
  to   space 363008K, 0% used [0x00000007a9d80000,0x00000007a9d80000,0x00000007c0000000)
 ParOldGen       total 1203200K, used 587078K [0x0000000680000000, 0x00000006c9700000, 0x0000000755580000)
  object space 1203200K, 48% used [0x0000000680000000,0x00000006a3d51b08,0x00000006c9700000)
 Metaspace       used 92855K, capacity 97330K, committed 97536K, reserved 1134592K
  class space    used 11612K, capacity 12457K, committed 12544K, reserved 1048576K
Event: 3673,258 GC heap after
Heap after GC invocations=115 (full 19):
 PSYoungGen      total 1362944K, used 265708K [0x0000000755580000, 0x00000007c0000000, 0x00000007c0000000)
  eden space 999936K, 0% used [0x0000000755580000,0x0000000755580000,0x0000000792600000)
  from space 363008K, 73% used [0x00000007a9d80000,0x00000007ba0fb140,0x00000007c0000000)
  to   space 373760K, 0% used [0x0000000792600000,0x0000000792600000,0x00000007a9300000)
 ParOldGen       total 1203200K, used 814642K [0x0000000680000000, 0x00000006c9700000, 0x0000000755580000)
  object space 1203200K, 67% used [0x0000000680000000,0x00000006b1b8c9c8,0x00000006c9700000)
 Metaspace       used 92855K, capacity 97330K, committed 97536K, reserved 1134592K
  class space    used 11612K, capacity 12457K, committed 12544K, reserved 1048576K
}
Event: 3674,937 GC heap before
{Heap before GC invocations=116 (full 19):
 PSYoungGen      total 1362944K, used 1265644K [0x0000000755580000, 0x00000007c0000000, 0x00000007c0000000)
  eden space 999936K, 100% used [0x0000000755580000,0x0000000792600000,0x0000000792600000)
  from space 363008K, 73% used [0x00000007a9d80000,0x00000007ba0fb140,0x00000007c0000000)
  to   space 373760K, 0% used [0x0000000792600000,0x0000000792600000,0x00000007a9300000)
 ParOldGen       total 1203200K, used 814642K [0x0000000680000000, 0x00000006c9700000, 0x0000000755580000)
  object space 1203200K, 67% used [0x0000000680000000,0x00000006b1b8c9c8,0x00000006c9700000)
 Metaspace       used 92856K, capacity 97330K, committed 97536K, reserved 1134592K
  class space    used 11612K, capacity 12457K, committed 12544K, reserved 1048576K
Event: 3675,261 GC heap after
Heap after GC invocations=116 (full 19):
 PSYoungGen      total 1201152K, used 200835K [0x0000000755580000, 0x00000007be980000, 0x00000007c0000000)
  eden space 999936K, 0% used [0x0000000755580000,0x0000000755580000,0x0000000792600000)
  from space 201216K, 99% used [0x0000000792600000,0x000000079ea20e48,0x000000079ea80000)
  to   space 356864K, 0% used [0x00000007a8d00000,0x00000007a8d00000,0x00000007be980000)
 ParOldGen       total 1203200K, used 1057727K [0x0000000680000000, 0x00000006c9700000, 0x0000000755580000)
  object space 1203200K, 87% used [0x0000000680000000,0x00000006c08efd38,0x00000006c9700000)
 Metaspace       used 92856K, capacity 97330K, committed 97536K, reserved 1134592K
  class space    used 11612K, capacity 12457K, committed 12544K, reserved 1048576K
}
Event: 3675,261 GC heap before
{Heap before GC invocations=117 (full 20):
 PSYoungGen      total 1201152K, used 200835K [0x0000000755580000, 0x00000007be980000, 0x00000007c0000000)
  eden space 999936K, 0% used [0x0000000755580000,0x0000000755580000,0x0000000792600000)
  from space 201216K, 99% used [0x0000000792600000,0x000000079ea20e48,0x000000079ea80000)
  to   space 356864K, 0% used [0x00000007a8d00000,0x00000007a8d00000,0x00000007be980000)
 ParOldGen       total 1203200K, used 1057727K [0x0000000680000000, 0x00000006c9700000, 0x0000000755580000)
  object space 1203200K, 87% used [0x0000000680000000,0x00000006c08efd38,0x00000006c9700000)
 Metaspace       used 92856K, capacity 97330K, committed 97536K, reserved 1134592K
  class space    used 11612K, capacity 12457K, committed 12544K, reserved 1048576K

