# JRE version: OpenJDK Runtime Environment (8.0_112-b06) (build 1.8.0_112-release-b06)
# Java VM: OpenJDK 64-Bit Server VM (25.112-b06 mixed mode linux-amd64 compressed oops)
Heap:
 PSYoungGen      total 1398784K, used 0K [0x0000000755580000, 0x00000007c0000000, 0x00000007c0000000)
  eden space 1039360K, 0% used [0x0000000755580000,0x0000000755580000,0x0000000794c80000)
  from space 359424K, 0% used [0x00000007aa100000,0x00000007aa100000,0x00000007c0000000)
  to   space 348672K, 0% used [0x0000000794c80000,0x0000000794c80000,0x00000007aa100000)
 ParOldGen       total 1027584K, used 689070K [0x0000000680000000, 0x00000006beb80000, 0x0000000755580000)
  object space 1027584K, 67% used [0x0000000680000000,0x00000006aa0ebb58,0x00000006beb80000)
 Metaspace       used 83390K, capacity 86452K, committed 86528K, reserved 1124352K
  class space    used 10189K, capacity 10726K, committed 10752K, reserved 1048576K
GC Heap History (10 events):
Event: 7934,741 GC heap after
Heap after GC invocations=92 (full 17):
 PSYoungGen      total 1374720K, used 201800K [0x0000000755580000, 0x00000007bf580000, 0x00000007c0000000)
  eden space 1023488K, 0% used [0x0000000755580000,0x0000000755580000,0x0000000793d00000)
  from space 351232K, 57% used [0x0000000793d00000,0x00000007a0212388,0x00000007a9400000)
  to   space 342016K, 0% used [0x00000007aa780000,0x00000007aa780000,0x00000007bf580000)
 ParOldGen       total 1344512K, used 1112193K [0x0000000680000000, 0x00000006d2100000, 0x0000000755580000)
  object space 1344512K, 82% used [0x0000000680000000,0x00000006c3e204f0,0x00000006d2100000)
 Metaspace       used 83388K, capacity 86452K, committed 86528K, reserved 1124352K
  class space    used 10189K, capacity 10726K, committed 10752K, reserved 1048576K
}
Event: 7934,742 GC heap before
{Heap before GC invocations=93 (full 18):
 PSYoungGen      total 1374720K, used 201800K [0x0000000755580000, 0x00000007bf580000, 0x00000007c0000000)
  eden space 1023488K, 0% used [0x0000000755580000,0x0000000755580000,0x0000000793d00000)
  from space 351232K, 57% used [0x0000000793d00000,0x00000007a0212388,0x00000007a9400000)
  to   space 342016K, 0% used [0x00000007aa780000,0x00000007aa780000,0x00000007bf580000)
 ParOldGen       total 1344512K, used 1112193K [0x0000000680000000, 0x00000006d2100000, 0x0000000755580000)
  object space 1344512K, 82% used [0x0000000680000000,0x00000006c3e204f0,0x00000006d2100000)
 Metaspace       used 83388K, capacity 86452K, committed 86528K, reserved 1124352K
  class space    used 10189K, capacity 10726K, committed 10752K, reserved 1048576K
Event: 7938,521 GC heap after
Heap after GC invocations=93 (full 18):
 PSYoungGen      total 1374720K, used 0K [0x0000000755580000, 0x00000007bf580000, 0x00000007c0000000)
  eden space 1023488K, 0% used [0x0000000755580000,0x0000000755580000,0x0000000793d00000)
  from space 351232K, 0% used [0x0000000793d00000,0x0000000793d00000,0x00000007a9400000)
  to   space 342016K, 0% used [0x00000007aa780000,0x00000007aa780000,0x00000007bf580000)
 ParOldGen       total 1027584K, used 426782K [0x0000000680000000, 0x00000006beb80000, 0x0000000755580000)
  object space 1027584K, 41% used [0x0000000680000000,0x000000069a0c7868,0x00000006beb80000)
 Metaspace       used 83388K, capacity 86452K, committed 86528K, reserved 1124352K
  class space    used 10189K, capacity 10726K, committed 10752K, reserved 1048576K
}
Event: 7939,541 GC heap before
{Heap before GC invocations=94 (full 18):
 PSYoungGen      total 1374720K, used 1023488K [0x0000000755580000, 0x00000007bf580000, 0x00000007c0000000)
  eden space 1023488K, 100% used [0x0000000755580000,0x0000000793d00000,0x0000000793d00000)
  from space 351232K, 0% used [0x0000000793d00000,0x0000000793d00000,0x00000007a9400000)
  to   space 342016K, 0% used [0x00000007aa780000,0x00000007aa780000,0x00000007bf580000)
 ParOldGen       total 1027584K, used 426784K [0x0000000680000000, 0x00000006beb80000, 0x0000000755580000)
  object space 1027584K, 41% used [0x0000000680000000,0x000000069a0c8268,0x00000006beb80000)
 Metaspace       used 83388K, capacity 86452K, committed 86528K, reserved 1124352K
  class space    used 10189K, capacity 10726K, committed 10752K, reserved 1048576K
Event: 7940,625 GC heap after
Heap after GC invocations=94 (full 18):
 PSYoungGen      total 1389568K, used 240514K [0x0000000755580000, 0x00000007c0000000, 0x00000007c0000000)
  eden space 1047552K, 0% used [0x0000000755580000,0x0000000755580000,0x0000000795480000)
  from space 342016K, 70% used [0x00000007aa780000,0x00000007b9260b38,0x00000007bf580000)
  to   space 347136K, 0% used [0x0000000795480000,0x0000000795480000,0x00000007aa780000)
 ParOldGen       total 1027584K, used 426784K [0x0000000680000000, 0x00000006beb80000, 0x0000000755580000)
  object space 1027584K, 41% used [0x0000000680000000,0x000000069a0c8268,0x00000006beb80000)
 Metaspace       used 83388K, capacity 86452K, committed 86528K, reserved 1124352K
  class space    used 10189K, capacity 10726K, committed 10752K, reserved 1048576K
}
Event: 7941,700 GC heap before
{Heap before GC invocations=95 (full 18):
 PSYoungGen      total 1389568K, used 1288066K [0x0000000755580000, 0x00000007c0000000, 0x00000007c0000000)
  eden space 1047552K, 100% used [0x0000000755580000,0x0000000795480000,0x0000000795480000)
  from space 342016K, 70% used [0x00000007aa780000,0x00000007b9260b38,0x00000007bf580000)
  to   space 347136K, 0% used [0x0000000795480000,0x0000000795480000,0x00000007aa780000)
 ParOldGen       total 1027584K, used 426899K [0x0000000680000000, 0x00000006beb80000, 0x0000000755580000)
  object space 1027584K, 41% used [0x0000000680000000,0x000000069a0e4ef8,0x00000006beb80000)
 Metaspace       used 83388K, capacity 86452K, committed 86528K, reserved 1124352K
  class space    used 10189K, capacity 10726K, committed 10752K, reserved 1048576K
Event: 7943,793 GC heap after
Heap after GC invocations=95 (full 18):
 PSYoungGen      total 1311232K, used 263501K [0x0000000755580000, 0x00000007c0000000, 0x00000007c0000000)
  eden space 1047552K, 0% used [0x0000000755580000,0x0000000755580000,0x0000000795480000)
  from space 263680K, 99% used [0x0000000795480000,0x00000007a55d34e8,0x00000007a5600000)
  to   space 359424K, 0% used [0x00000007aa100000,0x00000007aa100000,0x00000007c0000000)
 ParOldGen       total 1027584K, used 644621K [0x0000000680000000, 0x00000006beb80000, 0x0000000755580000)
  object space 1027584K, 62% used [0x0000000680000000,0x00000006a75834a0,0x00000006beb80000)
 Metaspace       used 83388K, capacity 86452K, committed 86528K, reserved 1124352K
  class space    used 10189K, capacity 10726K, committed 10752K, reserved 1048576K
}
Event: 7945,104 GC heap before
{Heap before GC invocations=96 (full 18):
 PSYoungGen      total 1311232K, used 1311053K [0x0000000755580000, 0x00000007c0000000, 0x00000007c0000000)
  eden space 1047552K, 100% used [0x0000000755580000,0x0000000795480000,0x0000000795480000)
  from space 263680K, 99% used [0x0000000795480000,0x00000007a55d34e8,0x00000007a5600000)
  to   space 359424K, 0% used [0x00000007aa100000,0x00000007aa100000,0x00000007c0000000)
 ParOldGen       total 1027584K, used 644624K [0x0000000680000000, 0x00000006beb80000, 0x0000000755580000)
  object space 1027584K, 62% used [0x0000000680000000,0x00000006a7584010,0x00000006beb80000)
 Metaspace       used 83390K, capacity 86452K, committed 86528K, reserved 1124352K
  class space    used 10189K, capacity 10726K, committed 10752K, reserved 1048576K
Event: 7945,702 GC heap after
Heap after GC invocations=96 (full 18):
 PSYoungGen      total 1398784K, used 163444K [0x0000000755580000, 0x00000007c0000000, 0x00000007c0000000)
  eden space 1039360K, 0% used [0x0000000755580000,0x0000000755580000,0x0000000794c80000)
  from space 359424K, 45% used [0x00000007aa100000,0x00000007b409d098,0x00000007c0000000)
  to   space 348672K, 0% used [0x0000000794c80000,0x0000000794c80000,0x00000007aa100000)
 ParOldGen       total 1027584K, used 790440K [0x0000000680000000, 0x00000006beb80000, 0x0000000755580000)
  object space 1027584K, 76% used [0x0000000680000000,0x00000006b03ea1c0,0x00000006beb80000)
 Metaspace       used 83390K, capacity 86452K, committed 86528K, reserved 1124352K
  class space    used 10189K, capacity 10726K, committed 10752K, reserved 1048576K
}
Event: 7945,702 GC heap before
{Heap before GC invocations=97 (full 19):
 PSYoungGen      total 1398784K, used 163444K [0x0000000755580000, 0x00000007c0000000, 0x00000007c0000000)
  eden space 1039360K, 0% used [0x0000000755580000,0x0000000755580000,0x0000000794c80000)
  from space 359424K, 45% used [0x00000007aa100000,0x00000007b409d098,0x00000007c0000000)
  to   space 348672K, 0% used [0x0000000794c80000,0x0000000794c80000,0x00000007aa100000)
 ParOldGen       total 1027584K, used 790440K [0x0000000680000000, 0x00000006beb80000, 0x0000000755580000)
  object space 1027584K, 76% used [0x0000000680000000,0x00000006b03ea1c0,0x00000006beb80000)
 Metaspace       used 83390K, capacity 86452K, committed 86528K, reserved 1124352K
  class space    used 10189K, capacity 10726K, committed 10752K, reserved 1048576K

